Copyright 1986-2021 Xilinx, Inc. All Rights Reserved.
--------------------------------------------------------------------------------------------------------------------------------------------------------------------------------
| Tool Version : Vivado v.2021.2 (win64) Build 3367213 Tue Oct 19 02:48:09 MDT 2021
| Date         : Tue Nov 29 21:05:24 2022
| Host         : DESKTOP-ONE956D running 64-bit major release  (build 9200)
| Command      : report_methodology -file system_wrapper_methodology_drc_routed.rpt -pb system_wrapper_methodology_drc_routed.pb -rpx system_wrapper_methodology_drc_routed.rpx
| Design       : system_wrapper
| Device       : xc7z010clg400-1
| Speed File   : -1
| Design State : Fully Routed
--------------------------------------------------------------------------------------------------------------------------------------------------------------------------------

Report Methodology

Table of Contents
-----------------
1. REPORT SUMMARY
2. REPORT DETAILS

1. REPORT SUMMARY
-----------------
            Netlist: netlist
          Floorplan: design_1
      Design limits: <entire design considered>
             Max violations: <unlimited>
             Violations found: 24
+-----------+------------------+----------------------------------------------------+------------+
| Rule      | Severity         | Description                                        | Violations |
+-----------+------------------+----------------------------------------------------+------------+
| TIMING-4  | Critical Warning | Invalid primary clock redefinition on a clock tree | 1          |
| TIMING-6  | Critical Warning | No common primary clock between related clocks     | 1          |
| TIMING-7  | Critical Warning | No common node between related clocks              | 1          |
| TIMING-27 | Critical Warning | Invalid primary clock on hierarchical pin          | 1          |
| TIMING-18 | Warning          | Missing input or output delay                      | 16         |
| XDCC-5    | Warning          | User Non-Timing constraint/property overwritten    | 4          |
+-----------+------------------+----------------------------------------------------+------------+

2. REPORT DETAILS
-----------------
TIMING-4#1 Critical Warning
Invalid primary clock redefinition on a clock tree  
Invalid clock redefinition on a clock tree. The primary clock system_i/clk_wiz_0/inst/clk_in1 is defined downstream of clock adc_clk and overrides its insertion delay and/or waveform definition
Related violations: <none>

TIMING-6#1 Critical Warning
No common primary clock between related clocks  
The clocks clk_fpga_0 and adc_clk are related (timed together) but they have no common primary clock. The design could fail in hardware. To find a timing path between these clocks, run the following command: report_timing -from [get_clocks clk_fpga_0] -to [get_clocks adc_clk]
Related violations: <none>

TIMING-7#1 Critical Warning
No common node between related clocks  
The clocks clk_fpga_0 and adc_clk are related (timed together) but they have no common node. The design could fail in hardware. To find a timing path between these clocks, run the following command: report_timing -from [get_clocks clk_fpga_0] -to [get_clocks adc_clk]
Related violations: <none>

TIMING-27#1 Critical Warning
Invalid primary clock on hierarchical pin  
A primary clock system_i/clk_wiz_0/inst/clk_in1 is created on an inappropriate internal pin system_i/clk_wiz_0/inst/clk_in1. It is not recommended to create a primary clock on a hierarchical pin when its driver pin has a fanout connected to multiple clock pins
Related violations: <none>

TIMING-18#1 Warning
Missing input or output delay  
An output delay is missing on dac_dat_o[0] relative to clock(s) adc_clk
Related violations: <none>

TIMING-18#2 Warning
Missing input or output delay  
An output delay is missing on dac_dat_o[10] relative to clock(s) adc_clk
Related violations: <none>

TIMING-18#3 Warning
Missing input or output delay  
An output delay is missing on dac_dat_o[11] relative to clock(s) adc_clk
Related violations: <none>

TIMING-18#4 Warning
Missing input or output delay  
An output delay is missing on dac_dat_o[12] relative to clock(s) adc_clk
Related violations: <none>

TIMING-18#5 Warning
Missing input or output delay  
An output delay is missing on dac_dat_o[13] relative to clock(s) adc_clk
Related violations: <none>

TIMING-18#6 Warning
Missing input or output delay  
An output delay is missing on dac_dat_o[1] relative to clock(s) adc_clk
Related violations: <none>

TIMING-18#7 Warning
Missing input or output delay  
An output delay is missing on dac_dat_o[2] relative to clock(s) adc_clk
Related violations: <none>

TIMING-18#8 Warning
Missing input or output delay  
An output delay is missing on dac_dat_o[3] relative to clock(s) adc_clk
Related violations: <none>

TIMING-18#9 Warning
Missing input or output delay  
An output delay is missing on dac_dat_o[4] relative to clock(s) adc_clk
Related violations: <none>

TIMING-18#10 Warning
Missing input or output delay  
An output delay is missing on dac_dat_o[5] relative to clock(s) adc_clk
Related violations: <none>

TIMING-18#11 Warning
Missing input or output delay  
An output delay is missing on dac_dat_o[6] relative to clock(s) adc_clk
Related violations: <none>

TIMING-18#12 Warning
Missing input or output delay  
An output delay is missing on dac_dat_o[7] relative to clock(s) adc_clk
Related violations: <none>

TIMING-18#13 Warning
Missing input or output delay  
An output delay is missing on dac_dat_o[8] relative to clock(s) adc_clk
Related violations: <none>

TIMING-18#14 Warning
Missing input or output delay  
An output delay is missing on dac_dat_o[9] relative to clock(s) adc_clk
Related violations: <none>

TIMING-18#15 Warning
Missing input or output delay  
An output delay is missing on dac_rst_o relative to clock(s) adc_clk
Related violations: <none>

TIMING-18#16 Warning
Missing input or output delay  
An output delay is missing on dac_sel_o relative to clock(s) adc_clk
Related violations: <none>

XDCC-5#1 Warning
User Non-Timing constraint/property overwritten  
A new XDC property IOSTANDARD on dac_pwm_o[0] overrides a previous user property.
New Source: Z:/Uni/ICRAR_Internship/Phasemeter/axis_NCO_V4/NCO_V4_Project/cfg/ports.xdc (Line: 111)
Previous Source: Z:/Uni/ICRAR_Internship/Phasemeter/axis_NCO_V4/NCO_V4_Project/cfg/ports.xdc (Line: 99)
Related violations: <none>

XDCC-5#2 Warning
User Non-Timing constraint/property overwritten  
A new XDC property IOSTANDARD on dac_pwm_o[1] overrides a previous user property.
New Source: Z:/Uni/ICRAR_Internship/Phasemeter/axis_NCO_V4/NCO_V4_Project/cfg/ports.xdc (Line: 111)
Previous Source: Z:/Uni/ICRAR_Internship/Phasemeter/axis_NCO_V4/NCO_V4_Project/cfg/ports.xdc (Line: 99)
Related violations: <none>

XDCC-5#3 Warning
User Non-Timing constraint/property overwritten  
A new XDC property IOSTANDARD on dac_pwm_o[2] overrides a previous user property.
New Source: Z:/Uni/ICRAR_Internship/Phasemeter/axis_NCO_V4/NCO_V4_Project/cfg/ports.xdc (Line: 111)
Previous Source: Z:/Uni/ICRAR_Internship/Phasemeter/axis_NCO_V4/NCO_V4_Project/cfg/ports.xdc (Line: 99)
Related violations: <none>

XDCC-5#4 Warning
User Non-Timing constraint/property overwritten  
A new XDC property IOSTANDARD on dac_pwm_o[3] overrides a previous user property.
New Source: Z:/Uni/ICRAR_Internship/Phasemeter/axis_NCO_V4/NCO_V4_Project/cfg/ports.xdc (Line: 111)
Previous Source: Z:/Uni/ICRAR_Internship/Phasemeter/axis_NCO_V4/NCO_V4_Project/cfg/ports.xdc (Line: 99)
Related violations: <none>


